[INFO] 2025-08-27 19:28:20,530 django.utils.autoreload 8644 14100 :: Watching for file changes with StatReloader
[INFO] 2025-08-27 19:28:27,754 django.utils.autoreload 8644 14100 :: F:\2082.04.05\Event Booking System\project\project\settings.py changed, reloading.
[INFO] 2025-08-27 19:29:39,972 django.utils.autoreload 24168 17988 :: Watching for file changes with StatReloader
[INFO] 2025-08-27 19:29:44,271 django.server 24168 19828 :: "GET / HTTP/1.1" 200 236
[WARNING] 2025-08-27 19:29:44,341 django.server 24168 19828 :: "GET /favicon.ico HTTP/1.1" 404 2622
[INFO] 2025-08-27 19:29:59,290 django.utils.autoreload 24168 17988 :: F:\2082.04.05\Event Booking System\project\event_app\views.py changed, reloading.
[INFO] 2025-08-27 19:29:59,780 django.utils.autoreload 16704 12436 :: Watching for file changes with StatReloader
[INFO] 2025-08-27 19:30:27,788 django.server 16704 15620 :: "GET / HTTP/1.1" 200 223
[WARNING] 2025-08-27 19:30:27,834 django.server 16704 15620 :: "GET /favicon.ico HTTP/1.1" 404 2622
[INFO] 2025-08-29 09:32:11,089 django.utils.autoreload 16316 16752 :: Watching for file changes with StatReloader
[INFO] 2025-08-29 09:32:22,313 django.utils.autoreload 16316 16752 :: F:\2082.04.05\Event Booking System\project\event_app\urls.py changed, reloading.
[INFO] 2025-08-29 09:32:22,745 django.utils.autoreload 8320 3580 :: Watching for file changes with StatReloader
[INFO] 2025-08-29 09:32:23,834 django.utils.autoreload 8320 3580 :: F:\2082.04.05\Event Booking System\project\event_app\urls.py changed, reloading.
[INFO] 2025-08-29 09:32:24,265 django.utils.autoreload 6500 18816 :: Watching for file changes with StatReloader
[INFO] 2025-08-29 09:32:26,439 django.utils.autoreload 6500 18816 :: F:\2082.04.05\Event Booking System\project\event_app\urls.py changed, reloading.
[INFO] 2025-08-29 09:32:26,887 django.utils.autoreload 19780 20996 :: Watching for file changes with StatReloader
[ERROR] 2025-08-29 09:32:44,774 django.server 19780 4460 :: "GET / HTTP/1.1" 500 85086
[INFO] 2025-08-29 09:33:20,578 django.utils.autoreload 19780 20996 :: F:\2082.04.05\Event Booking System\project\event_app\views.py changed, reloading.
[INFO] 2025-08-29 09:33:21,046 django.utils.autoreload 15656 20172 :: Watching for file changes with StatReloader
[INFO] 2025-08-29 09:33:25,157 django.utils.autoreload 15656 20172 :: F:\2082.04.05\Event Booking System\project\event_app\views.py changed, reloading.
[INFO] 2025-08-29 09:33:25,582 django.utils.autoreload 15104 15224 :: Watching for file changes with StatReloader
[ERROR] 2025-08-29 09:33:30,240 django.server 15104 22756 :: "GET / HTTP/1.1" 500 85284
[WARNING] 2025-08-29 09:33:30,328 django.server 15104 22756 :: "GET /favicon.ico HTTP/1.1" 404 2622
[INFO] 2025-08-29 09:34:26,237 django.utils.autoreload 15104 15224 :: F:\2082.04.05\Event Booking System\project\event_app\views.py changed, reloading.
[INFO] 2025-08-29 09:34:26,692 django.utils.autoreload 2256 24044 :: Watching for file changes with StatReloader
[INFO] 2025-08-29 09:34:29,856 django.utils.autoreload 2256 24044 :: F:\2082.04.05\Event Booking System\project\event_app\views.py changed, reloading.
[INFO] 2025-08-29 09:34:30,286 django.utils.autoreload 21064 15452 :: Watching for file changes with StatReloader
[INFO] 2025-08-29 09:34:31,373 django.utils.autoreload 21064 15452 :: F:\2082.04.05\Event Booking System\project\event_app\views.py changed, reloading.
[INFO] 2025-08-29 09:34:31,788 django.utils.autoreload 11988 1128 :: Watching for file changes with StatReloader
[INFO] 2025-08-29 09:34:37,908 django.utils.autoreload 11988 1128 :: F:\2082.04.05\Event Booking System\project\event_app\views.py changed, reloading.
[INFO] 2025-08-29 09:34:38,375 django.utils.autoreload 3580 10640 :: Watching for file changes with StatReloader
[INFO] 2025-08-29 09:34:40,097 django.server 3580 6772 :: "GET / HTTP/1.1" 200 223
[WARNING] 2025-08-29 09:34:40,177 django.server 3580 6772 :: "GET /favicon.ico HTTP/1.1" 404 2622
[INFO] 2025-08-29 09:50:30,504 django.server 3580 13588 :: "GET / HTTP/1.1" 200 919
[INFO] 2025-08-29 09:51:14,429 django.server 3580 6812 :: "GET / HTTP/1.1" 200 927
[WARNING] 2025-08-29 09:51:14,607 django.server 3580 6812 :: "GET /favicon.ico HTTP/1.1" 404 2622
[INFO] 2025-08-29 09:53:52,399 django.server 3580 12208 :: "GET / HTTP/1.1" 200 1011
[WARNING] 2025-08-29 09:53:52,656 django.server 3580 12208 :: "GET /favicon.ico HTTP/1.1" 404 2622
[INFO] 2025-08-29 09:54:06,651 django.server 3580 20504 :: "GET / HTTP/1.1" 200 1012
[WARNING] 2025-08-29 09:54:06,939 django.server 3580 20504 :: "GET /favicon.ico HTTP/1.1" 404 2622
[INFO] 2025-08-29 09:54:22,746 django.server 3580 704 :: "GET / HTTP/1.1" 200 1012
[WARNING] 2025-08-29 09:54:22,973 django.server 3580 704 :: "GET /favicon.ico HTTP/1.1" 404 2622
[INFO] 2025-08-29 09:55:16,156 django.server 3580 6432 :: "GET / HTTP/1.1" 200 964
[WARNING] 2025-08-29 09:55:16,380 django.server 3580 6432 :: "GET /favicon.ico HTTP/1.1" 404 2622
[INFO] 2025-08-29 09:56:48,186 django.server 3580 14476 :: "GET / HTTP/1.1" 200 963
[WARNING] 2025-08-29 09:56:48,358 django.server 3580 14476 :: "GET /favicon.ico HTTP/1.1" 404 2622
[INFO] 2025-08-29 09:59:23,903 django.server 3580 22572 :: "GET / HTTP/1.1" 200 964
[WARNING] 2025-08-29 09:59:24,061 django.server 3580 22572 :: "GET /favicon.ico HTTP/1.1" 404 2622
[INFO] 2025-08-29 10:00:45,393 django.server 3580 4724 :: "GET / HTTP/1.1" 200 1022
[WARNING] 2025-08-29 10:00:45,558 django.server 3580 4724 :: "GET /favicon.ico HTTP/1.1" 404 2622
[INFO] 2025-08-29 10:03:40,487 django.server 3580 11932 :: "GET / HTTP/1.1" 200 1042
[WARNING] 2025-08-29 10:03:40,654 django.server 3580 11932 :: "GET /favicon.ico HTTP/1.1" 404 2622
[INFO] 2025-08-29 10:03:43,675 django.server 3580 16596 :: "GET / HTTP/1.1" 200 1042
[WARNING] 2025-08-29 10:03:43,869 django.server 3580 16596 :: "GET /favicon.ico HTTP/1.1" 404 2622
[INFO] 2025-08-29 10:03:46,131 django.server 3580 16596 :: "GET / HTTP/1.1" 200 1042
[INFO] 2025-08-29 10:03:57,488 django.server 3580 2284 :: "GET / HTTP/1.1" 200 1022
[WARNING] 2025-08-29 10:03:57,644 django.server 3580 2284 :: "GET /favicon.ico HTTP/1.1" 404 2622
[INFO] 2025-08-29 10:57:55,668 django.utils.autoreload 14060 19908 :: Watching for file changes with StatReloader
[INFO] 2025-08-29 10:57:58,917 django.server 14060 21220 :: "GET / HTTP/1.1" 200 6396
[WARNING] 2025-08-29 10:57:59,284 django.server 14060 21220 :: "GET /favicon.ico HTTP/1.1" 404 2622
[INFO] 2025-08-29 10:59:26,339 django.server 14060 6076 :: "GET / HTTP/1.1" 200 6401
[WARNING] 2025-08-29 10:59:26,603 django.server 14060 6076 :: "GET /favicon.ico HTTP/1.1" 404 2622
[INFO] 2025-08-29 11:03:03,885 django.server 14060 22988 :: "GET / HTTP/1.1" 200 6752
[WARNING] 2025-08-29 11:03:03,927 django.server 14060 22988 :: "GET /static/img/i1 HTTP/1.1" 404 1832
[WARNING] 2025-08-29 11:03:03,939 django.server 14060 20356 :: "GET /static/img/i4 HTTP/1.1" 404 1832
[WARNING] 2025-08-29 11:03:03,941 django.server 14060 14028 :: "GET /static/img/i3 HTTP/1.1" 404 1832
[WARNING] 2025-08-29 11:03:03,951 django.server 14060 18540 :: "GET /static/img/i5 HTTP/1.1" 404 1832
[WARNING] 2025-08-29 11:03:03,951 django.server 14060 12684 :: "GET /static/img/i2 HTTP/1.1" 404 1832
[WARNING] 2025-08-29 11:03:03,962 django.server 14060 25508 :: "GET /static/img/i6 HTTP/1.1" 404 1832
[WARNING] 2025-08-29 11:03:03,966 django.server 14060 24624 :: "GET /static/img/i8 HTTP/1.1" 404 1832
[WARNING] 2025-08-29 11:03:03,966 django.server 14060 2620 :: "GET /static/img/i7 HTTP/1.1" 404 1832
[WARNING] 2025-08-29 11:03:03,970 django.server 14060 2500 :: "GET /static/img/i9 HTTP/1.1" 404 1832
[WARNING] 2025-08-29 11:03:04,059 django.server 14060 25312 :: "GET /static/img/i10 HTTP/1.1" 404 1835
[WARNING] 2025-08-29 11:03:04,165 django.server 14060 2804 :: "GET /favicon.ico HTTP/1.1" 404 2622
[INFO] 2025-08-29 11:03:09,642 django.server 14060 2804 :: "GET / HTTP/1.1" 200 6752
[WARNING] 2025-08-29 11:03:09,690 django.server 14060 2804 :: "GET /static/img/i1 HTTP/1.1" 404 1832
[WARNING] 2025-08-29 11:03:09,702 django.server 14060 14508 :: "GET /static/img/i2 HTTP/1.1" 404 1832
[WARNING] 2025-08-29 11:03:09,710 django.server 14060 24696 :: "GET /static/img/i3 HTTP/1.1" 404 1832
[WARNING] 2025-08-29 11:03:09,716 django.server 14060 12752 :: "GET /static/img/i4 HTTP/1.1" 404 1832
[WARNING] 2025-08-29 11:03:09,717 django.server 14060 10440 :: "GET /static/img/i5 HTTP/1.1" 404 1832
[WARNING] 2025-08-29 11:03:09,724 django.server 14060 22692 :: "GET /static/img/i6 HTTP/1.1" 404 1832
[WARNING] 2025-08-29 11:03:09,737 django.server 14060 3532 :: "GET /static/img/i7 HTTP/1.1" 404 1832
[WARNING] 2025-08-29 11:03:09,742 django.server 14060 23200 :: "GET /static/img/i8 HTTP/1.1" 404 1832
[WARNING] 2025-08-29 11:03:09,743 django.server 14060 9276 :: "GET /static/img/i9 HTTP/1.1" 404 1832
[WARNING] 2025-08-29 11:03:09,747 django.server 14060 5476 :: "GET /static/img/i10 HTTP/1.1" 404 1835
[INFO] 2025-08-29 11:03:56,809 django.server 14060 15932 :: "GET / HTTP/1.1" 200 6792
[INFO] 2025-08-29 11:03:57,201 django.server 14060 18988 :: "GET /static/img/i5.png HTTP/1.1" 200 3616057
[INFO] 2025-08-29 11:03:57,202 django.server 14060 8776 :: "GET /static/img/i6.png HTTP/1.1" 200 3389328
[INFO] 2025-08-29 11:03:57,283 django.server 14060 21564 :: "GET /static/img/i2.png HTTP/1.1" 200 3601814
[INFO] 2025-08-29 11:03:57,318 django.server 14060 11556 :: "GET /static/img/i3.png HTTP/1.1" 200 4432241
[INFO] 2025-08-29 11:03:57,319 django.server 14060 18988 :: "GET /static/img/i7.png HTTP/1.1" 200 3208632
[INFO] 2025-08-29 11:03:57,328 django.server 14060 15932 :: "GET /static/img/i1.png HTTP/1.1" 200 4318136
[INFO] 2025-08-29 11:03:57,339 django.server 14060 17108 :: "GET /static/img/i4.png HTTP/1.1" 200 4718806
[INFO] 2025-08-29 11:03:57,344 django.server 14060 8776 :: "GET /static/img/i8.png HTTP/1.1" 200 4622836
[INFO] 2025-08-29 11:03:57,360 django.server 14060 11556 :: "GET /static/img/i10.png HTTP/1.1" 200 2403991
[INFO] 2025-08-29 11:03:57,367 django.server 14060 21564 :: "GET /static/img/i9.png HTTP/1.1" 200 3702000
[WARNING] 2025-08-29 11:03:57,377 django.server 14060 17108 :: "GET /favicon.ico HTTP/1.1" 404 2622
[INFO] 2025-08-29 11:04:28,465 django.server 14060 25508 :: "GET / HTTP/1.1" 200 6792
[INFO] 2025-08-29 11:04:28,644 django.server 14060 24624 :: "GET /static/img/i2.png HTTP/1.1" 200 3601814
[INFO] 2025-08-29 11:04:28,657 django.server 14060 2216 :: "GET /static/img/i6.png HTTP/1.1" 200 3389328
[INFO] 2025-08-29 11:04:28,663 django.server 14060 15308 :: "GET /static/img/i5.png HTTP/1.1" 200 3616057
[INFO] 2025-08-29 11:04:28,671 django.server 14060 2620 :: "GET /static/img/i3.png HTTP/1.1" 200 4432241
[INFO] 2025-08-29 11:04:28,673 django.server 14060 25508 :: "GET /static/img/i1.png HTTP/1.1" 200 4318136
[INFO] 2025-08-29 11:04:28,675 django.server 14060 2500 :: "GET /static/img/i4.png HTTP/1.1" 200 4718806
[INFO] 2025-08-29 11:04:28,741 django.server 14060 24624 :: "GET /static/img/i10.png HTTP/1.1" 200 2403991
[INFO] 2025-08-29 11:04:28,758 django.server 14060 15308 :: "GET /static/img/i7.png HTTP/1.1" 200 3208632
[INFO] 2025-08-29 11:04:28,783 django.server 14060 2500 :: "GET /static/img/i9.png HTTP/1.1" 200 3702000
[INFO] 2025-08-29 11:04:28,794 django.server 14060 2620 :: "GET /static/img/i8.png HTTP/1.1" 200 4622836
[WARNING] 2025-08-29 11:04:28,801 django.server 14060 2500 :: "GET /favicon.ico HTTP/1.1" 404 2622
[INFO] 2025-08-29 11:04:40,157 django.server 14060 2500 :: "GET / HTTP/1.1" 200 6792
[INFO] 2025-08-29 11:04:53,501 django.server 14060 10416 :: "GET / HTTP/1.1" 200 6789
[INFO] 2025-08-29 11:04:53,641 django.server 14060 23132 :: "GET /static/img/i6.png HTTP/1.1" 200 3389328
[INFO] 2025-08-29 11:04:53,646 django.server 14060 24872 :: "GET /static/img/i2.png HTTP/1.1" 200 3601814
[INFO] 2025-08-29 11:04:53,652 django.server 14060 12984 :: "GET /static/img/i5.png HTTP/1.1" 200 3616057
[INFO] 2025-08-29 11:04:53,717 django.server 14060 23132 :: "GET /static/img/i10.png HTTP/1.1" 200 2403991
[INFO] 2025-08-29 11:04:53,729 django.server 14060 10416 :: "GET /static/img/i1.png HTTP/1.1" 200 4318136
[INFO] 2025-08-29 11:04:53,732 django.server 14060 7040 :: "GET /static/img/i3.png HTTP/1.1" 200 4432241
[INFO] 2025-08-29 11:04:53,739 django.server 14060 12104 :: "GET /static/img/i4.png HTTP/1.1" 200 4718806
[INFO] 2025-08-29 11:04:53,754 django.server 14060 24872 :: "GET /static/img/i7.png HTTP/1.1" 200 3208632
[INFO] 2025-08-29 11:04:53,767 django.server 14060 12984 :: "GET /static/img/i8.png HTTP/1.1" 200 4622836
[INFO] 2025-08-29 11:04:53,778 django.server 14060 10416 :: "GET /static/img/i9.png HTTP/1.1" 200 3702000
[WARNING] 2025-08-29 11:04:53,807 django.server 14060 12104 :: "GET /favicon.ico HTTP/1.1" 404 2622
[INFO] 2025-08-29 11:05:20,974 django.server 14060 12012 :: "GET / HTTP/1.1" 200 6793
[INFO] 2025-08-29 11:05:21,185 django.server 14060 15692 :: "GET /static/img/i5.png HTTP/1.1" 200 3616057
[INFO] 2025-08-29 11:05:21,194 django.server 14060 7460 :: "GET /static/img/i6.png HTTP/1.1" 200 3389328
[INFO] 2025-08-29 11:05:21,208 django.server 14060 22184 :: "GET /static/img/i2.png HTTP/1.1" 200 3601814
[INFO] 2025-08-29 11:05:21,218 django.server 14060 12012 :: "GET /static/img/i1.png HTTP/1.1" 200 4318136
[INFO] 2025-08-29 11:05:21,239 django.server 14060 25124 :: "GET /static/img/i3.png HTTP/1.1" 200 4432241
[INFO] 2025-08-29 11:05:21,251 django.server 14060 23448 :: "GET /static/img/i4.png HTTP/1.1" 200 4718806
[INFO] 2025-08-29 11:05:21,310 django.server 14060 12012 :: "GET /static/img/i10.png HTTP/1.1" 200 2403991
[INFO] 2025-08-29 11:05:21,315 django.server 14060 15692 :: "GET /static/img/i7.png HTTP/1.1" 200 3208632
[INFO] 2025-08-29 11:05:21,331 django.server 14060 22184 :: "GET /static/img/i9.png HTTP/1.1" 200 3702000
[INFO] 2025-08-29 11:05:21,335 django.server 14060 7460 :: "GET /static/img/i8.png HTTP/1.1" 200 4622836
[WARNING] 2025-08-29 11:05:21,341 django.server 14060 23448 :: "GET /favicon.ico HTTP/1.1" 404 2622
[INFO] 2025-08-29 11:06:07,465 django.server 14060 23448 :: "GET / HTTP/1.1" 200 6797
[INFO] 2025-08-29 11:08:05,902 django.server 14060 3612 :: "GET / HTTP/1.1" 200 6892
[INFO] 2025-08-29 11:08:06,040 django.server 14060 2932 :: "GET /static/img/i2.png HTTP/1.1" 200 3601814
[INFO] 2025-08-29 11:08:06,119 django.server 14060 19696 :: "GET /static/img/i6.png HTTP/1.1" 200 3389328
[INFO] 2025-08-29 11:08:06,124 django.server 14060 25364 :: "GET /static/img/i5.png HTTP/1.1" 200 3616057
[INFO] 2025-08-29 11:08:06,126 django.server 14060 3612 :: "GET /static/img/i1.png HTTP/1.1" 200 4318136
[INFO] 2025-08-29 11:08:06,138 django.server 14060 21188 :: "GET /static/img/i3.png HTTP/1.1" 200 4432241
[INFO] 2025-08-29 11:08:06,163 django.server 14060 5380 :: "GET /static/img/i4.png HTTP/1.1" 200 4718806
[INFO] 2025-08-29 11:08:06,200 django.server 14060 2932 :: "GET /static/img/i7.png HTTP/1.1" 200 3208632
[INFO] 2025-08-29 11:08:06,232 django.server 14060 3612 :: "GET /static/img/i10.png HTTP/1.1" 200 2403991
[INFO] 2025-08-29 11:08:06,247 django.server 14060 25364 :: "GET /static/img/i9.png HTTP/1.1" 200 3702000
[INFO] 2025-08-29 11:08:06,253 django.server 14060 19696 :: "GET /static/img/i8.png HTTP/1.1" 200 4622836
[WARNING] 2025-08-29 11:08:06,261 django.server 14060 5380 :: "GET /favicon.ico HTTP/1.1" 404 2622
[INFO] 2025-08-29 11:08:22,900 django.server 14060 11352 :: "GET / HTTP/1.1" 200 6889
[INFO] 2025-08-29 11:08:23,092 django.server 14060 20868 :: "GET /static/img/i2.png HTTP/1.1" 200 3601814
[INFO] 2025-08-29 11:08:23,098 django.server 14060 12484 :: "GET /static/img/i6.png HTTP/1.1" 200 3389328
[INFO] 2025-08-29 11:08:23,106 django.server 14060 1676 :: "GET /static/img/i5.png HTTP/1.1" 200 3616057
[INFO] 2025-08-29 11:08:23,110 django.server 14060 11352 :: "GET /static/img/i1.png HTTP/1.1" 200 4318136
[INFO] 2025-08-29 11:08:23,122 django.server 14060 13404 :: "GET /static/img/i3.png HTTP/1.1" 200 4432241
[INFO] 2025-08-29 11:08:23,144 django.server 14060 16484 :: "GET /static/img/i4.png HTTP/1.1" 200 4718806
[INFO] 2025-08-29 11:08:23,183 django.server 14060 11352 :: "GET /static/img/i10.png HTTP/1.1" 200 2403991
[INFO] 2025-08-29 11:08:23,187 django.server 14060 20868 :: "GET /static/img/i7.png HTTP/1.1" 200 3208632
[INFO] 2025-08-29 11:08:23,193 django.server 14060 1676 :: "GET /static/img/i9.png HTTP/1.1" 200 3702000
[INFO] 2025-08-29 11:08:23,198 django.server 14060 12484 :: "GET /static/img/i8.png HTTP/1.1" 200 4622836
[WARNING] 2025-08-29 11:08:23,206 django.server 14060 16484 :: "GET /favicon.ico HTTP/1.1" 404 2622
[INFO] 2025-08-29 11:08:49,580 django.server 14060 5056 :: "GET / HTTP/1.1" 200 6892
[INFO] 2025-08-29 11:08:49,782 django.server 14060 14640 :: "GET /static/img/i2.png HTTP/1.1" 200 3601814
[INFO] 2025-08-29 11:08:49,783 django.server 14060 2748 :: "GET /static/img/i6.png HTTP/1.1" 200 3389328
[INFO] 2025-08-29 11:08:49,787 django.server 14060 5056 :: "GET /static/img/i1.png HTTP/1.1" 200 4318136
[INFO] 2025-08-29 11:08:49,796 django.server 14060 18648 :: "GET /static/img/i5.png HTTP/1.1" 200 3616057
[INFO] 2025-08-29 11:08:49,811 django.server 14060 12380 :: "GET /static/img/i3.png HTTP/1.1" 200 4432241
[INFO] 2025-08-29 11:08:49,830 django.server 14060 2544 :: "GET /static/img/i4.png HTTP/1.1" 200 4718806
[INFO] 2025-08-29 11:08:49,853 django.server 14060 18648 :: "GET /static/img/i10.png HTTP/1.1" 200 2403991
[INFO] 2025-08-29 11:08:49,872 django.server 14060 14640 :: "GET /static/img/i7.png HTTP/1.1" 200 3208632
[INFO] 2025-08-29 11:08:49,878 django.server 14060 5056 :: "GET /static/img/i9.png HTTP/1.1" 200 3702000
[INFO] 2025-08-29 11:08:49,893 django.server 14060 2748 :: "GET /static/img/i8.png HTTP/1.1" 200 4622836
[WARNING] 2025-08-29 11:08:49,903 django.server 14060 2544 :: "GET /favicon.ico HTTP/1.1" 404 2622
[INFO] 2025-08-29 11:11:16,342 django.server 14060 11200 :: "GET / HTTP/1.1" 200 6892
[INFO] 2025-08-29 11:13:42,123 django.server 14060 16676 :: "GET / HTTP/1.1" 200 6907
[INFO] 2025-08-29 11:13:42,269 django.server 14060 23768 :: "GET /static/img/i6.png HTTP/1.1" 200 3389328
[INFO] 2025-08-29 11:13:42,326 django.server 14060 1440 :: "GET /static/img/i5.png HTTP/1.1" 200 3616057
[INFO] 2025-08-29 11:13:42,330 django.server 14060 16676 :: "GET /static/img/i1.png HTTP/1.1" 200 4318136
[INFO] 2025-08-29 11:13:42,337 django.server 14060 12820 :: "GET /static/img/i2.png HTTP/1.1" 200 3601814
[INFO] 2025-08-29 11:13:42,343 django.server 14060 13976 :: "GET /static/img/i3.png HTTP/1.1" 200 4432241
[INFO] 2025-08-29 11:13:42,351 django.server 14060 23624 :: "GET /static/img/i4.png HTTP/1.1" 200 4718806
[INFO] 2025-08-29 11:13:42,413 django.server 14060 13976 :: "GET /static/img/i10.png HTTP/1.1" 200 2403991
[INFO] 2025-08-29 11:13:42,424 django.server 14060 1440 :: "GET /static/img/i7.png HTTP/1.1" 200 3208632
[INFO] 2025-08-29 11:13:42,434 django.server 14060 23624 :: "GET /static/img/i9.png HTTP/1.1" 200 3702000
[INFO] 2025-08-29 11:13:42,440 django.server 14060 12820 :: "GET /static/img/i8.png HTTP/1.1" 200 4622836
[WARNING] 2025-08-29 11:13:42,454 django.server 14060 23624 :: "GET /favicon.ico HTTP/1.1" 404 2622
[INFO] 2025-08-29 11:13:45,004 django.server 14060 8860 :: "GET / HTTP/1.1" 200 6907
[INFO] 2025-08-29 11:13:45,220 django.server 14060 5548 :: "GET /static/img/i2.png HTTP/1.1" 200 3601814
[INFO] 2025-08-29 11:13:45,227 django.server 14060 19528 :: "GET /static/img/i6.png HTTP/1.1" 200 3389328
[INFO] 2025-08-29 11:13:45,241 django.server 14060 16996 :: "GET /static/img/i5.png HTTP/1.1" 200 3616057
[INFO] 2025-08-29 11:13:45,257 django.server 14060 8860 :: "GET /static/img/i1.png HTTP/1.1" 200 4318136
[INFO] 2025-08-29 11:13:45,272 django.server 14060 16564 :: "GET /static/img/i3.png HTTP/1.1" 200 4432241
[INFO] 2025-08-29 11:13:45,289 django.server 14060 956 :: "GET /static/img/i4.png HTTP/1.1" 200 4718806
[INFO] 2025-08-29 11:13:45,345 django.server 14060 8860 :: "GET /static/img/i10.png HTTP/1.1" 200 2403991
[INFO] 2025-08-29 11:13:45,347 django.server 14060 5548 :: "GET /static/img/i7.png HTTP/1.1" 200 3208632
[INFO] 2025-08-29 11:13:45,363 django.server 14060 16996 :: "GET /static/img/i9.png HTTP/1.1" 200 3702000
[INFO] 2025-08-29 11:13:45,370 django.server 14060 19528 :: "GET /static/img/i8.png HTTP/1.1" 200 4622836
[WARNING] 2025-08-29 11:13:45,380 django.server 14060 956 :: "GET /favicon.ico HTTP/1.1" 404 2622
[INFO] 2025-08-29 11:13:59,530 django.server 14060 23816 :: "GET / HTTP/1.1" 200 6988
[INFO] 2025-08-29 11:13:59,717 django.server 14060 6192 :: "GET /static/img/i2.png HTTP/1.1" 200 3601814
[INFO] 2025-08-29 11:13:59,723 django.server 14060 18832 :: "GET /static/img/i6.png HTTP/1.1" 200 3389328
[INFO] 2025-08-29 11:13:59,724 django.server 14060 12784 :: "GET /static/img/i5.png HTTP/1.1" 200 3616057
[INFO] 2025-08-29 11:13:59,740 django.server 14060 23816 :: "GET /static/img/i1.png HTTP/1.1" 200 4318136
[INFO] 2025-08-29 11:13:59,757 django.server 14060 14608 :: "GET /static/img/i3.png HTTP/1.1" 200 4432241
[INFO] 2025-08-29 11:13:59,765 django.server 14060 4680 :: "GET /static/img/i4.png HTTP/1.1" 200 4718806
[INFO] 2025-08-29 11:13:59,798 django.server 14060 23816 :: "GET /static/img/i10.png HTTP/1.1" 200 2403991
[INFO] 2025-08-29 11:13:59,800 django.server 14060 6192 :: "GET /static/img/i7.png HTTP/1.1" 200 3208632
[INFO] 2025-08-29 11:13:59,807 django.server 14060 12784 :: "GET /static/img/i9.png HTTP/1.1" 200 3702000
[INFO] 2025-08-29 11:13:59,821 django.server 14060 18832 :: "GET /static/img/i8.png HTTP/1.1" 200 4622836
[WARNING] 2025-08-29 11:13:59,830 django.server 14060 4680 :: "GET /favicon.ico HTTP/1.1" 404 2622
[INFO] 2025-08-29 11:15:34,581 django.server 14060 1636 :: "GET / HTTP/1.1" 200 7065
[WARNING] 2025-08-29 11:15:34,653 django.server 14060 23636 :: "GET /static/img/i3.png HTTP/1.1" 404 1844
[INFO] 2025-08-29 11:15:34,820 django.server 14060 24044 :: "GET /static/img/i5.png HTTP/1.1" 200 3616057
[WARNING] 2025-08-29 11:15:34,826 django.server 14060 24044 :: "GET /static/img/i3.png HTTP/1.1" 404 1844
[INFO] 2025-08-29 11:15:34,828 django.server 14060 18224 :: "GET /static/img/i6.png HTTP/1.1" 200 3389328
[INFO] 2025-08-29 11:15:34,830 django.server 14060 6028 :: "GET /static/img/i2.png HTTP/1.1" 200 3601814
[INFO] 2025-08-29 11:15:34,837 django.server 14060 1636 :: "GET /static/img/i1.png HTTP/1.1" 200 4318136
[INFO] 2025-08-29 11:15:34,883 django.server 14060 15340 :: "GET /static/img/i4.png HTTP/1.1" 200 4718806
[INFO] 2025-08-29 11:15:34,907 django.server 14060 6028 :: "GET /static/img/i10.png HTTP/1.1" 200 2403991
[INFO] 2025-08-29 11:15:34,918 django.server 14060 4308 :: "GET /static/img/i9.png HTTP/1.1" 200 3702000
[INFO] 2025-08-29 11:15:34,923 django.server 14060 18992 :: "GET /static/img/i7.png HTTP/1.1" 200 3208632
[INFO] 2025-08-29 11:15:34,937 django.server 14060 18224 :: "GET /static/img/i8.png HTTP/1.1" 200 4622836
[WARNING] 2025-08-29 11:15:34,942 django.server 14060 15340 :: "GET /favicon.ico HTTP/1.1" 404 2622
[INFO] 2025-08-29 11:17:24,907 django.server 14060 17188 :: "GET / HTTP/1.1" 200 1245
[WARNING] 2025-08-29 11:17:25,081 django.server 14060 17188 :: "GET /favicon.ico HTTP/1.1" 404 2622
[INFO] 2025-08-29 11:17:28,935 django.server 14060 6748 :: "GET / HTTP/1.1" 200 1245
[WARNING] 2025-08-29 11:17:29,089 django.server 14060 6748 :: "GET /favicon.ico HTTP/1.1" 404 2622
[INFO] 2025-08-29 11:18:16,016 django.server 14060 20816 :: "GET / HTTP/1.1" 200 1072
[WARNING] 2025-08-29 11:18:16,193 django.server 14060 20816 :: "GET /favicon.ico HTTP/1.1" 404 2622
[INFO] 2025-08-29 11:18:50,562 django.server 14060 9428 :: "GET / HTTP/1.1" 200 1073
[WARNING] 2025-08-29 11:18:50,743 django.server 14060 9428 :: "GET /favicon.ico HTTP/1.1" 404 2622
[INFO] 2025-08-29 11:19:14,118 django.server 14060 9428 :: "GET / HTTP/1.1" 200 1083
[INFO] 2025-08-29 11:19:32,335 django.server 14060 9428 :: "GET / HTTP/1.1" 200 1083
[INFO] 2025-08-29 11:19:53,910 django.server 14060 9428 :: "GET / HTTP/1.1" 200 1083
[INFO] 2025-08-29 11:22:50,960 django.server 14060 16836 :: "GET / HTTP/1.1" 200 3210
[WARNING] 2025-08-29 11:22:51,148 django.server 14060 16836 :: "GET /favicon.ico HTTP/1.1" 404 2622
[INFO] 2025-08-29 11:23:29,711 django.server 14060 11056 :: "GET / HTTP/1.1" 200 3210
[WARNING] 2025-08-29 11:23:29,952 django.server 14060 11056 :: "GET /favicon.ico HTTP/1.1" 404 2622
[INFO] 2025-08-29 11:24:35,051 django.server 14060 2360 :: "GET / HTTP/1.1" 200 3332
[WARNING] 2025-08-29 11:24:35,238 django.server 14060 2360 :: "GET /favicon.ico HTTP/1.1" 404 2622
[INFO] 2025-08-29 11:29:26,667 django.server 14060 21020 :: "GET / HTTP/1.1" 200 3372
[WARNING] 2025-08-29 11:29:26,854 django.server 14060 21020 :: "GET /favicon.ico HTTP/1.1" 404 2622
[INFO] 2025-08-29 11:46:43,422 django.server 14060 4124 :: "GET / HTTP/1.1" 200 7357
[WARNING] 2025-08-29 11:46:43,701 django.server 14060 4124 :: "GET /favicon.ico HTTP/1.1" 404 2622
[INFO] 2025-08-29 11:49:36,694 django.server 14060 5712 :: "GET / HTTP/1.1" 200 6449
[WARNING] 2025-08-29 11:49:36,898 django.server 14060 5712 :: "GET /favicon.ico HTTP/1.1" 404 2622
[INFO] 2025-08-29 11:50:12,114 django.server 14060 15528 :: "GET / HTTP/1.1" 200 5873
[WARNING] 2025-08-29 11:50:12,306 django.server 14060 15528 :: "GET /favicon.ico HTTP/1.1" 404 2622
[INFO] 2025-08-29 11:50:20,458 django.server 14060 15528 :: "GET / HTTP/1.1" 200 5873
[INFO] 2025-08-29 11:51:20,426 django.server 14060 18840 :: "GET / HTTP/1.1" 200 6372
[WARNING] 2025-08-29 11:51:20,609 django.server 14060 18840 :: "GET /favicon.ico HTTP/1.1" 404 2622
[INFO] 2025-08-29 11:51:52,489 django.server 14060 21528 :: "GET / HTTP/1.1" 200 6344
[WARNING] 2025-08-29 11:51:52,680 django.server 14060 21528 :: "GET /favicon.ico HTTP/1.1" 404 2622
[INFO] 2025-08-29 11:52:22,879 django.server 14060 20316 :: "GET / HTTP/1.1" 200 6353
[WARNING] 2025-08-29 11:52:23,057 django.server 14060 20316 :: "GET /favicon.ico HTTP/1.1" 404 2622
[INFO] 2025-08-29 11:54:27,922 django.server 14060 22912 :: "GET / HTTP/1.1" 200 6372
[WARNING] 2025-08-29 11:54:28,119 django.server 14060 22912 :: "GET /favicon.ico HTTP/1.1" 404 2622
[INFO] 2025-08-29 11:55:19,792 django.server 14060 24036 :: "GET / HTTP/1.1" 200 6360
[WARNING] 2025-08-29 11:55:19,977 django.server 14060 24036 :: "GET /favicon.ico HTTP/1.1" 404 2622
[INFO] 2025-08-29 11:55:22,712 django.server 14060 12076 :: "GET / HTTP/1.1" 200 6360
[WARNING] 2025-08-29 11:55:22,914 django.server 14060 12076 :: "GET /favicon.ico HTTP/1.1" 404 2622
[INFO] 2025-08-29 11:55:22,988 django.server 14060 15664 :: "GET / HTTP/1.1" 200 6360
[WARNING] 2025-08-29 11:55:23,162 django.server 14060 15664 :: "GET /favicon.ico HTTP/1.1" 404 2622
[INFO] 2025-08-29 11:55:23,204 django.server 14060 10040 :: "GET / HTTP/1.1" 200 6360
[WARNING] 2025-08-29 11:55:23,381 django.server 14060 10040 :: "GET /favicon.ico HTTP/1.1" 404 2622
[INFO] 2025-08-29 11:55:23,429 django.server 14060 16336 :: "GET / HTTP/1.1" 200 6360
[WARNING] 2025-08-29 11:55:23,608 django.server 14060 16336 :: "GET /favicon.ico HTTP/1.1" 404 2622
[INFO] 2025-08-29 19:34:34,931 django.utils.autoreload 1608 22432 :: Watching for file changes with StatReloader
[INFO] 2025-08-29 19:35:13,461 django.utils.autoreload 24060 9220 :: Watching for file changes with StatReloader
[INFO] 2025-08-29 19:36:13,495 django.utils.autoreload 8372 22848 :: Watching for file changes with StatReloader
[INFO] 2025-08-29 19:36:19,545 django.server 8372 16996 :: "GET / HTTP/1.1" 200 6631
[INFO] 2025-08-29 19:36:24,392 django.server 8372 16996 :: "GET /registration/ HTTP/1.1" 200 6631
[INFO] 2025-08-29 19:36:26,099 django.server 8372 16996 :: "GET /profile_create/ HTTP/1.1" 200 6631
[INFO] 2025-08-29 19:36:27,386 django.server 8372 16996 :: "GET /profile_create/ HTTP/1.1" 200 6631
[INFO] 2025-08-29 19:36:29,292 django.server 8372 16996 :: "GET /event_create/ HTTP/1.1" 200 6631
[INFO] 2025-08-29 19:36:30,839 django.server 8372 16996 :: "GET / HTTP/1.1" 200 6631
[INFO] 2025-08-29 19:41:57,445 django.server 8372 22620 :: "GET / HTTP/1.1" 200 6631
[WARNING] 2025-08-29 19:41:57,834 django.server 8372 22620 :: "GET /favicon.ico HTTP/1.1" 404 3694
[INFO] 2025-08-29 19:42:00,736 django.server 8372 22620 :: "GET /registration/ HTTP/1.1" 200 8145
[ERROR] 2025-08-29 19:42:07,768 django.server 8372 22620 :: "GET /profile_create/ HTTP/1.1" 500 239408
[INFO] 2025-08-29 19:42:25,021 django.server 8372 22620 :: "GET /venue_create/ HTTP/1.1" 200 7415
[ERROR] 2025-08-29 19:42:28,969 django.server 8372 22620 :: "GET /event_create/ HTTP/1.1" 500 240244
[INFO] 2025-08-29 19:44:19,361 django.server 8372 22620 :: "GET /registration/ HTTP/1.1" 200 8145
[ERROR] 2025-08-29 19:44:26,604 django.server 8372 22620 :: "GET /profile_create/ HTTP/1.1" 500 239408
