[ERROR] 2025-08-29 09:32:44,769 django.request 19780 4460 :: Internal Server Error: /
Traceback (most recent call last):
  File "F:\2082.04.05\Event Booking System\myenv\Lib\site-packages\django\core\handlers\exception.py", line 55, in inner
    response = get_response(request)
  File "F:\2082.04.05\Event Booking System\myenv\Lib\site-packages\django\core\handlers\base.py", line 197, in _get_response
    response = wrapped_callback(request, *callback_args, **callback_kwargs)
  File "F:\2082.04.05\Event Booking System\myenv\Lib\site-packages\django\views\generic\base.py", line 105, in view
    return self.dispatch(request, *args, **kwargs)
           ~~~~~~~~~~~~~^^^^^^^^^^^^^^^^^^^^^^^^^^
  File "F:\2082.04.05\Event Booking System\myenv\Lib\site-packages\django\views\generic\base.py", line 144, in dispatch
    return handler(request, *args, **kwargs)
  File "F:\2082.04.05\Event Booking System\myenv\Lib\site-packages\django\views\generic\list.py", line 158, in get
    self.object_list = self.get_queryset()
                       ~~~~~~~~~~~~~~~~~^^
  File "F:\2082.04.05\Event Booking System\myenv\Lib\site-packages\django\views\generic\list.py", line 36, in get_queryset
    raise ImproperlyConfigured(
    ...<3 lines>...
    )
django.core.exceptions.ImproperlyConfigured: HomeView is missing a QuerySet. Define HomeView.model, HomeView.queryset, or override HomeView.get_queryset().
[ERROR] 2025-08-29 09:33:30,238 django.request 15104 22756 :: Internal Server Error: /
Traceback (most recent call last):
  File "F:\2082.04.05\Event Booking System\myenv\Lib\site-packages\django\core\handlers\exception.py", line 55, in inner
    response = get_response(request)
  File "F:\2082.04.05\Event Booking System\myenv\Lib\site-packages\django\core\handlers\base.py", line 197, in _get_response
    response = wrapped_callback(request, *callback_args, **callback_kwargs)
  File "F:\2082.04.05\Event Booking System\myenv\Lib\site-packages\django\views\generic\base.py", line 105, in view
    return self.dispatch(request, *args, **kwargs)
           ~~~~~~~~~~~~~^^^^^^^^^^^^^^^^^^^^^^^^^^
  File "F:\2082.04.05\Event Booking System\myenv\Lib\site-packages\django\views\generic\base.py", line 144, in dispatch
    return handler(request, *args, **kwargs)
  File "F:\2082.04.05\Event Booking System\myenv\Lib\site-packages\django\views\generic\list.py", line 158, in get
    self.object_list = self.get_queryset()
                       ~~~~~~~~~~~~~~~~~^^
  File "F:\2082.04.05\Event Booking System\myenv\Lib\site-packages\django\views\generic\list.py", line 34, in get_queryset
    queryset = self.model._default_manager.all()
               ^^^^^^^^^^^^^^^^^^^^^^^^^^^
AttributeError: 'str' object has no attribute '_default_manager'
[ERROR] 2025-08-29 19:42:07,757 django.request 8372 22620 :: Internal Server Error: /profile_create/
Traceback (most recent call last):
  File "F:\2082.04.05\Event Booking System\myenv\Lib\site-packages\django\core\handlers\exception.py", line 55, in inner
    response = get_response(request)
  File "F:\2082.04.05\Event Booking System\myenv\Lib\site-packages\django\core\handlers\base.py", line 220, in _get_response
    response = response.render()
  File "F:\2082.04.05\Event Booking System\myenv\Lib\site-packages\django\template\response.py", line 114, in render
    self.content = self.rendered_content
                   ^^^^^^^^^^^^^^^^^^^^^
  File "F:\2082.04.05\Event Booking System\myenv\Lib\site-packages\django\template\response.py", line 92, in rendered_content
    return template.render(context, self._request)
           ~~~~~~~~~~~~~~~^^^^^^^^^^^^^^^^^^^^^^^^
  File "F:\2082.04.05\Event Booking System\myenv\Lib\site-packages\django\template\backends\django.py", line 107, in render
    return self.template.render(context)
           ~~~~~~~~~~~~~~~~~~~~^^^^^^^^^
  File "F:\2082.04.05\Event Booking System\myenv\Lib\site-packages\django\template\base.py", line 171, in render
    return self._render(context)
           ~~~~~~~~~~~~^^^^^^^^^
  File "F:\2082.04.05\Event Booking System\myenv\Lib\site-packages\django\template\base.py", line 163, in _render
    return self.nodelist.render(context)
           ~~~~~~~~~~~~~~~~~~~~^^^^^^^^^
  File "F:\2082.04.05\Event Booking System\myenv\Lib\site-packages\django\template\base.py", line 1016, in render
    return SafeString("".join([node.render_annotated(context) for node in self]))
                               ~~~~~~~~~~~~~~~~~~~~~^^^^^^^^^
  File "F:\2082.04.05\Event Booking System\myenv\Lib\site-packages\django\template\base.py", line 977, in render_annotated
    return self.render(context)
           ~~~~~~~~~~~^^^^^^^^^
  File "F:\2082.04.05\Event Booking System\myenv\Lib\site-packages\django\template\loader_tags.py", line 159, in render
    return compiled_parent._render(context)
           ~~~~~~~~~~~~~~~~~~~~~~~^^^^^^^^^
  File "F:\2082.04.05\Event Booking System\myenv\Lib\site-packages\django\template\base.py", line 163, in _render
    return self.nodelist.render(context)
           ~~~~~~~~~~~~~~~~~~~~^^^^^^^^^
  File "F:\2082.04.05\Event Booking System\myenv\Lib\site-packages\django\template\base.py", line 1016, in render
    return SafeString("".join([node.render_annotated(context) for node in self]))
                               ~~~~~~~~~~~~~~~~~~~~~^^^^^^^^^
  File "F:\2082.04.05\Event Booking System\myenv\Lib\site-packages\django\template\base.py", line 977, in render_annotated
    return self.render(context)
           ~~~~~~~~~~~^^^^^^^^^
  File "F:\2082.04.05\Event Booking System\myenv\Lib\site-packages\django\template\loader_tags.py", line 65, in render
    result = block.nodelist.render(context)
  File "F:\2082.04.05\Event Booking System\myenv\Lib\site-packages\django\template\base.py", line 1016, in render
    return SafeString("".join([node.render_annotated(context) for node in self]))
                               ~~~~~~~~~~~~~~~~~~~~~^^^^^^^^^
  File "F:\2082.04.05\Event Booking System\myenv\Lib\site-packages\django\template\base.py", line 977, in render_annotated
    return self.render(context)
           ~~~~~~~~~~~^^^^^^^^^
  File "F:\2082.04.05\Event Booking System\myenv\Lib\site-packages\django\template\base.py", line 1075, in render
    output = self.filter_expression.resolve(context)
  File "F:\2082.04.05\Event Booking System\myenv\Lib\site-packages\django\template\base.py", line 722, in resolve
    obj = self.var.resolve(context)
  File "F:\2082.04.05\Event Booking System\myenv\Lib\site-packages\django\template\base.py", line 854, in resolve
    value = self._resolve_lookup(context)
  File "F:\2082.04.05\Event Booking System\myenv\Lib\site-packages\django\template\base.py", line 925, in _resolve_lookup
    current = current()
  File "F:\2082.04.05\Event Booking System\myenv\Lib\site-packages\django\forms\utils.py", line 87, in as_p
    return self.render(self.template_name_p)
           ~~~~~~~~~~~^^^^^^^^^^^^^^^^^^^^^^
  File "F:\2082.04.05\Event Booking System\myenv\Lib\site-packages\django\forms\utils.py", line 55, in render
    return mark_safe(renderer.render(template, context))
                     ~~~~~~~~~~~~~~~^^^^^^^^^^^^^^^^^^^
  File "F:\2082.04.05\Event Booking System\myenv\Lib\site-packages\django\forms\renderers.py", line 31, in render
    return template.render(context, request=request).strip()
           ~~~~~~~~~~~~~~~^^^^^^^^^^^^^^^^^^^^^^^^^^
  File "F:\2082.04.05\Event Booking System\myenv\Lib\site-packages\django\template\backends\django.py", line 107, in render
    return self.template.render(context)
           ~~~~~~~~~~~~~~~~~~~~^^^^^^^^^
  File "F:\2082.04.05\Event Booking System\myenv\Lib\site-packages\django\template\base.py", line 171, in render
    return self._render(context)
           ~~~~~~~~~~~~^^^^^^^^^
  File "F:\2082.04.05\Event Booking System\myenv\Lib\site-packages\django\template\base.py", line 163, in _render
    return self.nodelist.render(context)
           ~~~~~~~~~~~~~~~~~~~~^^^^^^^^^
  File "F:\2082.04.05\Event Booking System\myenv\Lib\site-packages\django\template\base.py", line 1016, in render
    return SafeString("".join([node.render_annotated(context) for node in self]))
                               ~~~~~~~~~~~~~~~~~~~~~^^^^^^^^^
  File "F:\2082.04.05\Event Booking System\myenv\Lib\site-packages\django\template\base.py", line 977, in render_annotated
    return self.render(context)
           ~~~~~~~~~~~^^^^^^^^^
  File "F:\2082.04.05\Event Booking System\myenv\Lib\site-packages\django\template\defaulttags.py", line 243, in render
    nodelist.append(node.render_annotated(context))
                    ~~~~~~~~~~~~~~~~~~~~~^^^^^^^^^
  File "F:\2082.04.05\Event Booking System\myenv\Lib\site-packages\django\template\base.py", line 977, in render_annotated
    return self.render(context)
           ~~~~~~~~~~~^^^^^^^^^
  File "F:\2082.04.05\Event Booking System\myenv\Lib\site-packages\django\template\base.py", line 1081, in render
    return render_value_in_context(output, context)
  File "F:\2082.04.05\Event Booking System\myenv\Lib\site-packages\django\template\base.py", line 1058, in render_value_in_context
    value = str(value)
  File "F:\2082.04.05\Event Booking System\myenv\Lib\site-packages\django\forms\utils.py", line 79, in __str__
    return self.as_widget()
           ~~~~~~~~~~~~~~^^
  File "F:\2082.04.05\Event Booking System\myenv\Lib\site-packages\django\forms\boundfield.py", line 95, in as_widget
    attrs = self.build_widget_attrs(attrs, widget)
  File "F:\2082.04.05\Event Booking System\myenv\Lib\site-packages\django\forms\boundfield.py", line 270, in build_widget_attrs
    widget.use_required_attribute(self.initial)
    ~~~~~~~~~~~~~~~~~~~~~~~~~~~~~^^^^^^^^^^^^^^
  File "F:\2082.04.05\Event Booking System\myenv\Lib\site-packages\django\forms\widgets.py", line 855, in use_required_attribute
    and self._choice_has_empty_value(first_choice)
        ~~~~~~~~~~~~~~~~~~~~~~~~~~~~^^^^^^^^^^^^^^
  File "F:\2082.04.05\Event Booking System\myenv\Lib\site-packages\django\forms\widgets.py", line 838, in _choice_has_empty_value
    value, _ = choice
    ^^^^^^^^
ValueError: not enough values to unpack (expected 2, got 0)
[ERROR] 2025-08-29 19:42:28,960 django.request 8372 22620 :: Internal Server Error: /event_create/
Traceback (most recent call last):
  File "F:\2082.04.05\Event Booking System\myenv\Lib\site-packages\django\core\handlers\exception.py", line 55, in inner
    response = get_response(request)
  File "F:\2082.04.05\Event Booking System\myenv\Lib\site-packages\django\core\handlers\base.py", line 220, in _get_response
    response = response.render()
  File "F:\2082.04.05\Event Booking System\myenv\Lib\site-packages\django\template\response.py", line 114, in render
    self.content = self.rendered_content
                   ^^^^^^^^^^^^^^^^^^^^^
  File "F:\2082.04.05\Event Booking System\myenv\Lib\site-packages\django\template\response.py", line 92, in rendered_content
    return template.render(context, self._request)
           ~~~~~~~~~~~~~~~^^^^^^^^^^^^^^^^^^^^^^^^
  File "F:\2082.04.05\Event Booking System\myenv\Lib\site-packages\django\template\backends\django.py", line 107, in render
    return self.template.render(context)
           ~~~~~~~~~~~~~~~~~~~~^^^^^^^^^
  File "F:\2082.04.05\Event Booking System\myenv\Lib\site-packages\django\template\base.py", line 171, in render
    return self._render(context)
           ~~~~~~~~~~~~^^^^^^^^^
  File "F:\2082.04.05\Event Booking System\myenv\Lib\site-packages\django\template\base.py", line 163, in _render
    return self.nodelist.render(context)
           ~~~~~~~~~~~~~~~~~~~~^^^^^^^^^
  File "F:\2082.04.05\Event Booking System\myenv\Lib\site-packages\django\template\base.py", line 1016, in render
    return SafeString("".join([node.render_annotated(context) for node in self]))
                               ~~~~~~~~~~~~~~~~~~~~~^^^^^^^^^
  File "F:\2082.04.05\Event Booking System\myenv\Lib\site-packages\django\template\base.py", line 977, in render_annotated
    return self.render(context)
           ~~~~~~~~~~~^^^^^^^^^
  File "F:\2082.04.05\Event Booking System\myenv\Lib\site-packages\django\template\loader_tags.py", line 159, in render
    return compiled_parent._render(context)
           ~~~~~~~~~~~~~~~~~~~~~~~^^^^^^^^^
  File "F:\2082.04.05\Event Booking System\myenv\Lib\site-packages\django\template\base.py", line 163, in _render
    return self.nodelist.render(context)
           ~~~~~~~~~~~~~~~~~~~~^^^^^^^^^
  File "F:\2082.04.05\Event Booking System\myenv\Lib\site-packages\django\template\base.py", line 1016, in render
    return SafeString("".join([node.render_annotated(context) for node in self]))
                               ~~~~~~~~~~~~~~~~~~~~~^^^^^^^^^
  File "F:\2082.04.05\Event Booking System\myenv\Lib\site-packages\django\template\base.py", line 977, in render_annotated
    return self.render(context)
           ~~~~~~~~~~~^^^^^^^^^
  File "F:\2082.04.05\Event Booking System\myenv\Lib\site-packages\django\template\loader_tags.py", line 65, in render
    result = block.nodelist.render(context)
  File "F:\2082.04.05\Event Booking System\myenv\Lib\site-packages\django\template\base.py", line 1016, in render
    return SafeString("".join([node.render_annotated(context) for node in self]))
                               ~~~~~~~~~~~~~~~~~~~~~^^^^^^^^^
  File "F:\2082.04.05\Event Booking System\myenv\Lib\site-packages\django\template\base.py", line 977, in render_annotated
    return self.render(context)
           ~~~~~~~~~~~^^^^^^^^^
  File "F:\2082.04.05\Event Booking System\myenv\Lib\site-packages\django\template\base.py", line 1075, in render
    output = self.filter_expression.resolve(context)
  File "F:\2082.04.05\Event Booking System\myenv\Lib\site-packages\django\template\base.py", line 722, in resolve
    obj = self.var.resolve(context)
  File "F:\2082.04.05\Event Booking System\myenv\Lib\site-packages\django\template\base.py", line 854, in resolve
    value = self._resolve_lookup(context)
  File "F:\2082.04.05\Event Booking System\myenv\Lib\site-packages\django\template\base.py", line 925, in _resolve_lookup
    current = current()
  File "F:\2082.04.05\Event Booking System\myenv\Lib\site-packages\django\forms\utils.py", line 87, in as_p
    return self.render(self.template_name_p)
           ~~~~~~~~~~~^^^^^^^^^^^^^^^^^^^^^^
  File "F:\2082.04.05\Event Booking System\myenv\Lib\site-packages\django\forms\utils.py", line 55, in render
    return mark_safe(renderer.render(template, context))
                     ~~~~~~~~~~~~~~~^^^^^^^^^^^^^^^^^^^
  File "F:\2082.04.05\Event Booking System\myenv\Lib\site-packages\django\forms\renderers.py", line 31, in render
    return template.render(context, request=request).strip()
           ~~~~~~~~~~~~~~~^^^^^^^^^^^^^^^^^^^^^^^^^^
  File "F:\2082.04.05\Event Booking System\myenv\Lib\site-packages\django\template\backends\django.py", line 107, in render
    return self.template.render(context)
           ~~~~~~~~~~~~~~~~~~~~^^^^^^^^^
  File "F:\2082.04.05\Event Booking System\myenv\Lib\site-packages\django\template\base.py", line 171, in render
    return self._render(context)
           ~~~~~~~~~~~~^^^^^^^^^
  File "F:\2082.04.05\Event Booking System\myenv\Lib\site-packages\django\template\base.py", line 163, in _render
    return self.nodelist.render(context)
           ~~~~~~~~~~~~~~~~~~~~^^^^^^^^^
  File "F:\2082.04.05\Event Booking System\myenv\Lib\site-packages\django\template\base.py", line 1016, in render
    return SafeString("".join([node.render_annotated(context) for node in self]))
                               ~~~~~~~~~~~~~~~~~~~~~^^^^^^^^^
  File "F:\2082.04.05\Event Booking System\myenv\Lib\site-packages\django\template\base.py", line 977, in render_annotated
    return self.render(context)
           ~~~~~~~~~~~^^^^^^^^^
  File "F:\2082.04.05\Event Booking System\myenv\Lib\site-packages\django\template\defaulttags.py", line 243, in render
    nodelist.append(node.render_annotated(context))
                    ~~~~~~~~~~~~~~~~~~~~~^^^^^^^^^
  File "F:\2082.04.05\Event Booking System\myenv\Lib\site-packages\django\template\base.py", line 977, in render_annotated
    return self.render(context)
           ~~~~~~~~~~~^^^^^^^^^
  File "F:\2082.04.05\Event Booking System\myenv\Lib\site-packages\django\template\base.py", line 1081, in render
    return render_value_in_context(output, context)
  File "F:\2082.04.05\Event Booking System\myenv\Lib\site-packages\django\template\base.py", line 1058, in render_value_in_context
    value = str(value)
  File "F:\2082.04.05\Event Booking System\myenv\Lib\site-packages\django\forms\utils.py", line 79, in __str__
    return self.as_widget()
           ~~~~~~~~~~~~~~^^
  File "F:\2082.04.05\Event Booking System\myenv\Lib\site-packages\django\forms\boundfield.py", line 95, in as_widget
    attrs = self.build_widget_attrs(attrs, widget)
  File "F:\2082.04.05\Event Booking System\myenv\Lib\site-packages\django\forms\boundfield.py", line 270, in build_widget_attrs
    widget.use_required_attribute(self.initial)
    ~~~~~~~~~~~~~~~~~~~~~~~~~~~~~^^^^^^^^^^^^^^
  File "F:\2082.04.05\Event Booking System\myenv\Lib\site-packages\django\forms\widgets.py", line 855, in use_required_attribute
    and self._choice_has_empty_value(first_choice)
        ~~~~~~~~~~~~~~~~~~~~~~~~~~~~^^^^^^^^^^^^^^
  File "F:\2082.04.05\Event Booking System\myenv\Lib\site-packages\django\forms\widgets.py", line 838, in _choice_has_empty_value
    value, _ = choice
    ^^^^^^^^
ValueError: not enough values to unpack (expected 2, got 0)
[ERROR] 2025-08-29 19:44:26,600 django.request 8372 22620 :: Internal Server Error: /profile_create/
Traceback (most recent call last):
  File "F:\2082.04.05\Event Booking System\myenv\Lib\site-packages\django\core\handlers\exception.py", line 55, in inner
    response = get_response(request)
  File "F:\2082.04.05\Event Booking System\myenv\Lib\site-packages\django\core\handlers\base.py", line 220, in _get_response
    response = response.render()
  File "F:\2082.04.05\Event Booking System\myenv\Lib\site-packages\django\template\response.py", line 114, in render
    self.content = self.rendered_content
                   ^^^^^^^^^^^^^^^^^^^^^
  File "F:\2082.04.05\Event Booking System\myenv\Lib\site-packages\django\template\response.py", line 92, in rendered_content
    return template.render(context, self._request)
           ~~~~~~~~~~~~~~~^^^^^^^^^^^^^^^^^^^^^^^^
  File "F:\2082.04.05\Event Booking System\myenv\Lib\site-packages\django\template\backends\django.py", line 107, in render
    return self.template.render(context)
           ~~~~~~~~~~~~~~~~~~~~^^^^^^^^^
  File "F:\2082.04.05\Event Booking System\myenv\Lib\site-packages\django\template\base.py", line 171, in render
    return self._render(context)
           ~~~~~~~~~~~~^^^^^^^^^
  File "F:\2082.04.05\Event Booking System\myenv\Lib\site-packages\django\template\base.py", line 163, in _render
    return self.nodelist.render(context)
           ~~~~~~~~~~~~~~~~~~~~^^^^^^^^^
  File "F:\2082.04.05\Event Booking System\myenv\Lib\site-packages\django\template\base.py", line 1016, in render
    return SafeString("".join([node.render_annotated(context) for node in self]))
                               ~~~~~~~~~~~~~~~~~~~~~^^^^^^^^^
  File "F:\2082.04.05\Event Booking System\myenv\Lib\site-packages\django\template\base.py", line 977, in render_annotated
    return self.render(context)
           ~~~~~~~~~~~^^^^^^^^^
  File "F:\2082.04.05\Event Booking System\myenv\Lib\site-packages\django\template\loader_tags.py", line 159, in render
    return compiled_parent._render(context)
           ~~~~~~~~~~~~~~~~~~~~~~~^^^^^^^^^
  File "F:\2082.04.05\Event Booking System\myenv\Lib\site-packages\django\template\base.py", line 163, in _render
    return self.nodelist.render(context)
           ~~~~~~~~~~~~~~~~~~~~^^^^^^^^^
  File "F:\2082.04.05\Event Booking System\myenv\Lib\site-packages\django\template\base.py", line 1016, in render
    return SafeString("".join([node.render_annotated(context) for node in self]))
                               ~~~~~~~~~~~~~~~~~~~~~^^^^^^^^^
  File "F:\2082.04.05\Event Booking System\myenv\Lib\site-packages\django\template\base.py", line 977, in render_annotated
    return self.render(context)
           ~~~~~~~~~~~^^^^^^^^^
  File "F:\2082.04.05\Event Booking System\myenv\Lib\site-packages\django\template\loader_tags.py", line 65, in render
    result = block.nodelist.render(context)
  File "F:\2082.04.05\Event Booking System\myenv\Lib\site-packages\django\template\base.py", line 1016, in render
    return SafeString("".join([node.render_annotated(context) for node in self]))
                               ~~~~~~~~~~~~~~~~~~~~~^^^^^^^^^
  File "F:\2082.04.05\Event Booking System\myenv\Lib\site-packages\django\template\base.py", line 977, in render_annotated
    return self.render(context)
           ~~~~~~~~~~~^^^^^^^^^
  File "F:\2082.04.05\Event Booking System\myenv\Lib\site-packages\django\template\base.py", line 1075, in render
    output = self.filter_expression.resolve(context)
  File "F:\2082.04.05\Event Booking System\myenv\Lib\site-packages\django\template\base.py", line 722, in resolve
    obj = self.var.resolve(context)
  File "F:\2082.04.05\Event Booking System\myenv\Lib\site-packages\django\template\base.py", line 854, in resolve
    value = self._resolve_lookup(context)
  File "F:\2082.04.05\Event Booking System\myenv\Lib\site-packages\django\template\base.py", line 925, in _resolve_lookup
    current = current()
  File "F:\2082.04.05\Event Booking System\myenv\Lib\site-packages\django\forms\utils.py", line 87, in as_p
    return self.render(self.template_name_p)
           ~~~~~~~~~~~^^^^^^^^^^^^^^^^^^^^^^
  File "F:\2082.04.05\Event Booking System\myenv\Lib\site-packages\django\forms\utils.py", line 55, in render
    return mark_safe(renderer.render(template, context))
                     ~~~~~~~~~~~~~~~^^^^^^^^^^^^^^^^^^^
  File "F:\2082.04.05\Event Booking System\myenv\Lib\site-packages\django\forms\renderers.py", line 31, in render
    return template.render(context, request=request).strip()
           ~~~~~~~~~~~~~~~^^^^^^^^^^^^^^^^^^^^^^^^^^
  File "F:\2082.04.05\Event Booking System\myenv\Lib\site-packages\django\template\backends\django.py", line 107, in render
    return self.template.render(context)
           ~~~~~~~~~~~~~~~~~~~~^^^^^^^^^
  File "F:\2082.04.05\Event Booking System\myenv\Lib\site-packages\django\template\base.py", line 171, in render
    return self._render(context)
           ~~~~~~~~~~~~^^^^^^^^^
  File "F:\2082.04.05\Event Booking System\myenv\Lib\site-packages\django\template\base.py", line 163, in _render
    return self.nodelist.render(context)
           ~~~~~~~~~~~~~~~~~~~~^^^^^^^^^
  File "F:\2082.04.05\Event Booking System\myenv\Lib\site-packages\django\template\base.py", line 1016, in render
    return SafeString("".join([node.render_annotated(context) for node in self]))
                               ~~~~~~~~~~~~~~~~~~~~~^^^^^^^^^
  File "F:\2082.04.05\Event Booking System\myenv\Lib\site-packages\django\template\base.py", line 977, in render_annotated
    return self.render(context)
           ~~~~~~~~~~~^^^^^^^^^
  File "F:\2082.04.05\Event Booking System\myenv\Lib\site-packages\django\template\defaulttags.py", line 243, in render
    nodelist.append(node.render_annotated(context))
                    ~~~~~~~~~~~~~~~~~~~~~^^^^^^^^^
  File "F:\2082.04.05\Event Booking System\myenv\Lib\site-packages\django\template\base.py", line 977, in render_annotated
    return self.render(context)
           ~~~~~~~~~~~^^^^^^^^^
  File "F:\2082.04.05\Event Booking System\myenv\Lib\site-packages\django\template\base.py", line 1081, in render
    return render_value_in_context(output, context)
  File "F:\2082.04.05\Event Booking System\myenv\Lib\site-packages\django\template\base.py", line 1058, in render_value_in_context
    value = str(value)
  File "F:\2082.04.05\Event Booking System\myenv\Lib\site-packages\django\forms\utils.py", line 79, in __str__
    return self.as_widget()
           ~~~~~~~~~~~~~~^^
  File "F:\2082.04.05\Event Booking System\myenv\Lib\site-packages\django\forms\boundfield.py", line 95, in as_widget
    attrs = self.build_widget_attrs(attrs, widget)
  File "F:\2082.04.05\Event Booking System\myenv\Lib\site-packages\django\forms\boundfield.py", line 270, in build_widget_attrs
    widget.use_required_attribute(self.initial)
    ~~~~~~~~~~~~~~~~~~~~~~~~~~~~~^^^^^^^^^^^^^^
  File "F:\2082.04.05\Event Booking System\myenv\Lib\site-packages\django\forms\widgets.py", line 855, in use_required_attribute
    and self._choice_has_empty_value(first_choice)
        ~~~~~~~~~~~~~~~~~~~~~~~~~~~~^^^^^^^^^^^^^^
  File "F:\2082.04.05\Event Booking System\myenv\Lib\site-packages\django\forms\widgets.py", line 838, in _choice_has_empty_value
    value, _ = choice
    ^^^^^^^^
ValueError: not enough values to unpack (expected 2, got 0)
